# JRE version: OpenJDK Runtime Environment Corretto-11.0.14.10.1 (11.0.14.1+10) (build 11.0.14.1+10-LTS)
# Java VM: OpenJDK 64-Bit Server VM Corretto-11.0.14.10.1 (11.0.14.1+10-LTS, mixed mode, tiered, compressed oops, g1 gc, windows-amd64)
Heap:
 garbage-first heap   total 157696K, used 14610K [0x0000000081400000, 0x0000000100000000)
  region size 1024K, 9 young (9216K), 9 survivors (9216K)
 Metaspace       used 31960K, capacity 33024K, committed 33328K, reserved 1079296K
  class space    used 3856K, capacity 4284K, committed 4400K, reserved 1048576K
GC Heap History (9 events):
Event: 2.498 GC heap before
{Heap before GC invocations=0 (full 0):
 garbage-first heap   total 131072K, used 23552K [0x0000000081400000, 0x0000000100000000)
  region size 1024K, 24 young (24576K), 0 survivors (0K)
 Metaspace       used 12358K, capacity 12618K, committed 12928K, reserved 1060864K
  class space    used 1241K, capacity 1322K, committed 1408K, reserved 1048576K
}
Event: 2.517 GC heap after
{Heap after GC invocations=1 (full 0):
 garbage-first heap   total 131072K, used 5895K [0x0000000081400000, 0x0000000100000000)
  region size 1024K, 3 young (3072K), 3 survivors (3072K)
 Metaspace       used 12358K, capacity 12618K, committed 12928K, reserved 1060864K
  class space    used 1241K, capacity 1322K, committed 1408K, reserved 1048576K
}
Event: 3.594 GC heap before
{Heap before GC invocations=1 (full 0):
 garbage-first heap   total 131072K, used 26375K [0x0000000081400000, 0x0000000100000000)
  region size 1024K, 23 young (23552K), 3 survivors (3072K)
 Metaspace       used 17037K, capacity 17564K, committed 17792K, reserved 1064960K
  class space    used 1884K, capacity 2070K, committed 2176K, reserved 1048576K
}
Event: 3.610 GC heap after
{Heap after GC invocations=2 (full 0):
 garbage-first heap   total 131072K, used 7255K [0x0000000081400000, 0x0000000100000000)
  region size 1024K, 2 young (2048K), 2 survivors (2048K)
 Metaspace       used 17037K, capacity 17564K, committed 17792K, reserved 1064960K
  class space    used 1884K, capacity 2070K, committed 2176K, reserved 1048576K
}
Event: 4.400 GC heap before
{Heap before GC invocations=2 (full 0):
 garbage-first heap   total 131072K, used 28759K [0x0000000081400000, 0x0000000100000000)
  region size 1024K, 24 young (24576K), 2 survivors (2048K)
 Metaspace       used 20673K, capacity 21226K, committed 21296K, reserved 1069056K
  class space    used 2353K, capacity 2567K, committed 2608K, reserved 1048576K
}
Event: 4.415 GC heap after
{Heap after GC invocations=3 (full 0):
 garbage-first heap   total 131072K, used 8361K [0x0000000081400000, 0x0000000100000000)
  region size 1024K, 3 young (3072K), 3 survivors (3072K)
 Metaspace       used 20673K, capacity 21226K, committed 21296K, reserved 1069056K
  class space    used 2353K, capacity 2567K, committed 2608K, reserved 1048576K
}
Event: 6.217 GC heap before
{Heap before GC invocations=4 (full 0):
 garbage-first heap   total 131072K, used 68777K [0x0000000081400000, 0x0000000100000000)
  region size 1024K, 62 young (63488K), 3 survivors (3072K)
 Metaspace       used 22866K, capacity 23579K, committed 23728K, reserved 1071104K
  class space    used 2634K, capacity 2880K, committed 2992K, reserved 1048576K
}
Event: 6.242 GC heap after
{Heap after GC invocations=5 (full 0):
 garbage-first heap   total 131072K, used 10688K [0x0000000081400000, 0x0000000100000000)
  region size 1024K, 5 young (5120K), 5 survivors (5120K)
 Metaspace       used 22866K, capacity 23579K, committed 23728K, reserved 1071104K
  class space    used 2634K, capacity 2880K, committed 2992K, reserved 1048576K
}
Event: 10.128 GC heap before
{Heap before GC invocations=5 (full 0):
 garbage-first heap   total 131072K, used 83392K [0x0000000081400000, 0x0000000100000000)
  region size 1024K, 76 young (77824K), 5 survivors (5120K)
 Metaspace       used 31960K, capacity 33024K, committed 33328K, reserved 1079296K
  class space    used 3856K, capacity 4284K, committed 4400K, reserved 1048576K
}

