# JRE version: OpenJDK Runtime Environment Corretto-11.0.14.10.1 (11.0.14.1+10) (build 11.0.14.1+10-LTS)
# Java VM: OpenJDK 64-Bit Server VM Corretto-11.0.14.10.1 (11.0.14.1+10-LTS, mixed mode, tiered, compressed oops, g1 gc, windows-amd64)
Heap:
 garbage-first heap   total 314368K, used 261622K [0x0000000081400000, 0x0000000100000000)
  region size 1024K, 80 young (81920K), 9 survivors (9216K)
 Metaspace       used 44899K, capacity 46461K, committed 46716K, reserved 1089536K
  class space    used 5551K, capacity 6181K, committed 6268K, reserved 1048576K
GC Heap History (10 events):
Event: 2.404 GC heap before
{Heap before GC invocations=0 (full 0):
 garbage-first heap   total 131072K, used 23552K [0x0000000081400000, 0x0000000100000000)
  region size 1024K, 24 young (24576K), 0 survivors (0K)
 Metaspace       used 13199K, capacity 13472K, committed 13568K, reserved 1060864K
  class space    used 1362K, capacity 1456K, committed 1536K, reserved 1048576K
}
Event: 2.423 GC heap after
{Heap after GC invocations=1 (full 0):
 garbage-first heap   total 131072K, used 6546K [0x0000000081400000, 0x0000000100000000)
  region size 1024K, 3 young (3072K), 3 survivors (3072K)
 Metaspace       used 13199K, capacity 13472K, committed 13568K, reserved 1060864K
  class space    used 1362K, capacity 1456K, committed 1536K, reserved 1048576K
}
Event: 3.411 GC heap before
{Heap before GC invocations=1 (full 0):
 garbage-first heap   total 131072K, used 27026K [0x0000000081400000, 0x0000000100000000)
  region size 1024K, 23 young (23552K), 3 survivors (3072K)
 Metaspace       used 17948K, capacity 18455K, committed 18560K, reserved 1064960K
  class space    used 1989K, capacity 2172K, committed 2176K, reserved 1048576K
}
Event: 3.425 GC heap after
{Heap after GC invocations=2 (full 0):
 garbage-first heap   total 131072K, used 7840K [0x0000000081400000, 0x0000000100000000)
  region size 1024K, 2 young (2048K), 2 survivors (2048K)
 Metaspace       used 17948K, capacity 18455K, committed 18560K, reserved 1064960K
  class space    used 1989K, capacity 2172K, committed 2176K, reserved 1048576K
}
Event: 4.064 GC heap before
{Heap before GC invocations=2 (full 0):
 garbage-first heap   total 131072K, used 22176K [0x0000000081400000, 0x0000000100000000)
  region size 1024K, 17 young (17408K), 2 survivors (2048K)
 Metaspace       used 20645K, capacity 21266K, committed 21296K, reserved 1069056K
  class space    used 2355K, capacity 2578K, committed 2608K, reserved 1048576K
}
Event: 4.077 GC heap after
{Heap after GC invocations=3 (full 0):
 garbage-first heap   total 131072K, used 8483K [0x0000000081400000, 0x0000000100000000)
  region size 1024K, 2 young (2048K), 2 survivors (2048K)
 Metaspace       used 20645K, capacity 21266K, committed 21296K, reserved 1069056K
  class space    used 2355K, capacity 2578K, committed 2608K, reserved 1048576K
}
Event: 6.504 GC heap before
{Heap before GC invocations=4 (full 0):
 garbage-first heap   total 131072K, used 67875K [0x0000000081400000, 0x0000000100000000)
  region size 1024K, 60 young (61440K), 2 survivors (2048K)
 Metaspace       used 24676K, capacity 25467K, committed 25596K, reserved 1071104K
  class space    used 2918K, capacity 3235K, committed 3324K, reserved 1048576K
}
Event: 6.539 GC heap after
{Heap after GC invocations=5 (full 0):
 garbage-first heap   total 131072K, used 11482K [0x0000000081400000, 0x0000000100000000)
  region size 1024K, 5 young (5120K), 5 survivors (5120K)
 Metaspace       used 24676K, capacity 25467K, committed 25596K, reserved 1071104K
  class space    used 2918K, capacity 3235K, committed 3324K, reserved 1048576K
}
Event: 10.291 GC heap before
{Heap before GC invocations=5 (full 0):
 garbage-first heap   total 131072K, used 70874K [0x0000000081400000, 0x0000000100000000)
  region size 1024K, 64 young (65536K), 5 survivors (5120K)
 Metaspace       used 34881K, capacity 35986K, committed 36048K, reserved 1081344K
  class space    used 4220K, capacity 4699K, committed 4732K, reserved 1048576K
}
Event: 10.352 GC heap after
{Heap after GC invocations=6 (full 0):
 garbage-first heap   total 157696K, used 15862K [0x0000000081400000, 0x0000000100000000)
  region size 1024K, 9 young (9216K), 9 survivors (9216K)
 Metaspace       used 34881K, capacity 35986K, committed 36048K, reserved 1081344K
  class space    used 4220K, capacity 4699K, committed 4732K, reserved 1048576K
}

